<?xml version="1.0" encoding="UTF-8"?>
<!-- Generated by org.testng.reporters.JUnitXMLReporter -->
<testsuite ignored="0" hostname="Legion-5i" failures="0" tests="9" name="Test" time="16.661" errors="0" timestamp="2025-09-05T03:19:12 IST">
  <testcase classname="testcases.substore_testcase" name="verifySubstoreCounterSubModule" time="4.234"/>
  <testcase classname="testcases.substore_testcase" name="verifySubstoreSubModules" time="0.0"/>
  <testcase classname="testcases.substore_testcase" name="verifySubstoreModule" time="0.128"/>
  <testcase classname="testcases.substore_testcase" name="verifySubstoreSubModule" time="0.111"/>
  <testcase classname="testcases.substore_testcase" name="verifyAllSubstoreModulesAreDisplayedInSublist" time="0.0"/>
  <testcase classname="testcases.substore_testcase" name="verifyNavigationBetweenSubmodules" time="0.0"/>
  <testcase classname="testcases.substore_testcase" name="takingScreenshotOfCurrentPage" time="0.0"/>
  <testcase classname="testcases.substore_testcase" name="verifyInventoryRequisitionSection" time="0.0"/>
  <testcase classname="testcases.substore_testcase" name="verifyCreateRequisitionButton" time="0.08"/>
</testsuite> <!-- Test -->
